#
# There is insufficient memory for the Java Runtime Environment to continue.
# Native memory allocation (malloc) failed to allocate 1920176 bytes. Error detail: Chunk::new
# Possible reasons:
#   The system is out of physical RAM or swap space
#   This process is running with CompressedOops enabled, and the Java Heap may be blocking the growth of the native heap
# Possible solutions:
#   Reduce memory load on the system
#   Increase physical memory or swap space
#   Check if swap backing store is full
#   Decrease Java heap size (-Xmx/-Xms)
#   Decrease number of Java threads
#   Decrease Java thread stack sizes (-Xss)
#   Set larger code cache with -XX:ReservedCodeCacheSize=
#   JVM is running with Unscaled Compressed Oops mode in which the Java heap is
#     placed in the first 4GB address space. The Java Heap base address is the
#     maximum limit for the native heap growth. Please use -XX:HeapBaseMinAddress
#     to set the Java Heap base and to place the Java Heap above 4GB virtual address.
# This output file may be truncated or incomplete.
#
#  Out of Memory Error (arena.cpp:168), pid=3444, tid=16716
#
# JRE version: OpenJDK Runtime Environment Temurin-21.0.8+9 (21.0.8+9) (build 21.0.8+9-LTS)
# Java VM: OpenJDK 64-Bit Server VM Temurin-21.0.8+9 (21.0.8+9-LTS, mixed mode, sharing, tiered, compressed oops, compressed class ptrs, g1 gc, windows-amd64)
# No core dump will be written. Minidumps are not enabled by default on client versions of Windows
#

---------------  S U M M A R Y ------------

Command Line: --module-path=C:\Users\ss\Desktop\Downloads\openjfx-21.0.9_windows-x64_bin-sdk\javafx-sdk-21.0.9\lib --add-modules=javafx.controls,javafx.fxml -Dfile.encoding=UTF-8 -Dstdout.encoding=UTF-8 -Dstderr.encoding=UTF-8 -XX:+ShowCodeDetailsInExceptionMessages de.frauas.group6.traffic.simulator.view.ControlPanelTest

Host: Intel(R) Core(TM) i5-6300U CPU @ 2.40GHz, 4 cores, 7G,  Windows 11 , 64 bit Build 26100 (10.0.26100.1591)
Time: Sun Dec 14 12:02:34 2025 W. Central Africa Standard Time elapsed time: 1.396748 seconds (0d 0h 0m 1s)

---------------  T H R E A D  ---------------

Current thread (0x00000278d1e76bb0):  JavaThread "C2 CompilerThread0" daemon [_thread_in_native, id=16716, stack(0x000000ac4ac00000,0x000000ac4ad00000) (1024K)]


Current CompileTask:
C2:1396  353       4       java.util.stream.ReferencePipeline$3$1::accept (23 bytes)

Stack: [0x000000ac4ac00000,0x000000ac4ad00000]
Native frames: (J=compiled Java code, j=interpreted, Vv=VM code, C=native code)
V  [jvm.dll+0x6d2449]
V  [jvm.dll+0x8ae341]
V  [jvm.dll+0x8b08be]
V  [jvm.dll+0x8b0fa3]
V  [jvm.dll+0x280c96]
V  [jvm.dll+0xc581d]
V  [jvm.dll+0xc5d53]
V  [jvm.dll+0x3b919c]
V  [jvm.dll+0x385315]
V  [jvm.dll+0x38477a]
V  [jvm.dll+0x248ed0]
V  [jvm.dll+0x2484af]
V  [jvm.dll+0x1c89ee]
V  [jvm.dll+0x257d4d]
V  [jvm.dll+0x2562ea]
V  [jvm.dll+0x3f2d16]
V  [jvm.dll+0x857e6b]
V  [jvm.dll+0x6d0b0d]
C  [ucrtbase.dll+0x14ea0]
C  [KERNEL32.DLL+0x2dbe7]
C  [ntdll.dll+0x85a6c]


---------------  P R O C E S S  ---------------

Threads class SMR info:
_java_thread_list=0x0000027917f3a030, length=12, elements={
0x00000278b8432160, 0x00000278d1e655a0, 0x00000278d1e66d10, 0x00000278d1e6af10,
0x00000278d1e6c680, 0x00000278d1e6ddf0, 0x00000278d1e6e970, 0x00000278d1e76bb0,
0x00000278d1e7a1c0, 0x00000279170ad400, 0x00000279170ae7b0, 0x0000027917c44f00
}

Java Threads: ( => current thread )
  0x00000278b8432160 JavaThread "main"                              [_thread_in_vm, id=24080, stack(0x000000ac49e00000,0x000000ac49f00000) (1024K)]
  0x00000278d1e655a0 JavaThread "Reference Handler"          daemon [_thread_blocked, id=36784, stack(0x000000ac4a600000,0x000000ac4a700000) (1024K)]
  0x00000278d1e66d10 JavaThread "Finalizer"                  daemon [_thread_blocked, id=19964, stack(0x000000ac4a700000,0x000000ac4a800000) (1024K)]
  0x00000278d1e6af10 JavaThread "Signal Dispatcher"          daemon [_thread_blocked, id=5664, stack(0x000000ac4a800000,0x000000ac4a900000) (1024K)]
  0x00000278d1e6c680 JavaThread "Attach Listener"            daemon [_thread_blocked, id=8376, stack(0x000000ac4a900000,0x000000ac4aa00000) (1024K)]
  0x00000278d1e6ddf0 JavaThread "Service Thread"             daemon [_thread_blocked, id=36948, stack(0x000000ac4aa00000,0x000000ac4ab00000) (1024K)]
  0x00000278d1e6e970 JavaThread "Monitor Deflation Thread"   daemon [_thread_blocked, id=272, stack(0x000000ac4ab00000,0x000000ac4ac00000) (1024K)]
=>0x00000278d1e76bb0 JavaThread "C2 CompilerThread0"         daemon [_thread_in_native, id=16716, stack(0x000000ac4ac00000,0x000000ac4ad00000) (1024K)]
  0x00000278d1e7a1c0 JavaThread "C1 CompilerThread0"         daemon [_thread_blocked, id=32728, stack(0x000000ac4ad00000,0x000000ac4ae00000) (1024K)]
  0x00000279170ad400 JavaThread "Common-Cleaner"             daemon [_thread_blocked, id=20956, stack(0x000000ac4ae00000,0x000000ac4af00000) (1024K)]
  0x00000279170ae7b0 JavaThread "Notification Thread"        daemon [_thread_blocked, id=35184, stack(0x000000ac4b000000,0x000000ac4b100000) (1024K)]
  0x0000027917c44f00 JavaThread "C2 CompilerThread1"         daemon [_thread_blocked, id=2936, stack(0x000000ac4af00000,0x000000ac4b000000) (1024K)]
Total: 12

Other Threads:
  0x00000278d1e444e0 VMThread "VM Thread"                           [id=4120, stack(0x000000ac4a500000,0x000000ac4a600000) (1024K)]
  0x00000278d1e2f090 WatcherThread "VM Periodic Task Thread"        [id=36404, stack(0x000000ac4a400000,0x000000ac4a500000) (1024K)]
  0x00000278ba8aff20 WorkerThread "GC Thread#0"                     [id=37420, stack(0x000000ac49f00000,0x000000ac4a000000) (1024K)]
  0x00000278ba8c0b80 ConcurrentGCThread "G1 Main Marker"            [id=19852, stack(0x000000ac4a000000,0x000000ac4a100000) (1024K)]
  0x00000278ba8c2ca0 WorkerThread "G1 Conc#0"                       [id=20968, stack(0x000000ac4a100000,0x000000ac4a200000) (1024K)]
  0x00000278ba91e280 ConcurrentGCThread "G1 Refine#0"               [id=30668, stack(0x000000ac4a200000,0x000000ac4a300000) (1024K)]
  0x00000278d1cec5d0 ConcurrentGCThread "G1 Service"                [id=4056, stack(0x000000ac4a300000,0x000000ac4a400000) (1024K)]
Total: 7

Threads with active compile tasks:
C2 CompilerThread0  1502  353       4       java.util.stream.ReferencePipeline$3$1::accept (23 bytes)
Total: 1

VM state: not at safepoint (normal execution)

VM Mutex/Monitor currently owned by a thread: None

Heap address: 0x0000000081c00000, size: 2020 MB, Compressed Oops mode: 32-bit

CDS archive(s) mapped at: [0x00000278d2000000-0x00000278d2c80000-0x00000278d2c80000), size 13107200, SharedBaseAddress: 0x00000278d2000000, ArchiveRelocationMode: 1.
Compressed class space mapped at: 0x00000278d3000000-0x0000027913000000, reserved size: 1073741824
Narrow klass base: 0x00000278d2000000, Narrow klass shift: 0, Narrow klass range: 0x100000000

GC Precious Log:
 CardTable entry size: 512
 Card Set container configuration: InlinePtr #cards 5 size 8 Array Of Cards #cards 12 size 40 Howl #buckets 4 coarsen threshold 1843 Howl Bitmap #cards 512 size 80 coarsen threshold 460 Card regions per heap region 1 cards per card region 2048
 CPUs: 4 total, 4 available
 Memory: 8072M
 Large Page Support: Disabled
 NUMA Support: Disabled
 Compressed Oops: Enabled (32-bit)
 Heap Region Size: 1M
 Heap Min Capacity: 8M
 Heap Initial Capacity: 128M
 Heap Max Capacity: 2020M
 Pre-touch: Disabled
 Parallel Workers: 4
 Concurrent Workers: 1
 Concurrent Refinement Workers: 4
 Periodic GC: Disabled

Heap:
 garbage-first heap   total 131072K, used 9216K [0x0000000081c00000, 0x0000000100000000)
  region size 1024K, 11 young (11264K), 0 survivors (0K)
 Metaspace       used 1638K, committed 1792K, reserved 1114112K
  class space    used 170K, committed 256K, reserved 1048576K

Heap Regions: E=young(eden), S=young(survivor), O=old, HS=humongous(starts), HC=humongous(continues), CS=collection set, F=free, TAMS=top-at-mark-start, PB=parsable bottom
|   0|0x0000000081c00000, 0x0000000081c00000, 0x0000000081d00000|  0%| F|  |TAMS 0x0000000081c00000| PB 0x0000000081c00000| Untracked 
|   1|0x0000000081d00000, 0x0000000081d00000, 0x0000000081e00000|  0%| F|  |TAMS 0x0000000081d00000| PB 0x0000000081d00000| Untracked 
|   2|0x0000000081e00000, 0x0000000081e00000, 0x0000000081f00000|  0%| F|  |TAMS 0x0000000081e00000| PB 0x0000000081e00000| Untracked 
|   3|0x0000000081f00000, 0x0000000081f00000, 0x0000000082000000|  0%| F|  |TAMS 0x0000000081f00000| PB 0x0000000081f00000| Untracked 
|   4|0x0000000082000000, 0x0000000082000000, 0x0000000082100000|  0%| F|  |TAMS 0x0000000082000000| PB 0x0000000082000000| Untracked 
|   5|0x0000000082100000, 0x0000000082100000, 0x0000000082200000|  0%| F|  |TAMS 0x0000000082100000| PB 0x0000000082100000| Untracked 
|   6|0x0000000082200000, 0x0000000082200000, 0x0000000082300000|  0%| F|  |TAMS 0x0000000082200000| PB 0x0000000082200000| Untracked 
|   7|0x0000000082300000, 0x0000000082300000, 0x0000000082400000|  0%| F|  |TAMS 0x0000000082300000| PB 0x0000000082300000| Untracked 
|   8|0x0000000082400000, 0x0000000082400000, 0x0000000082500000|  0%| F|  |TAMS 0x0000000082400000| PB 0x0000000082400000| Untracked 
|   9|0x0000000082500000, 0x0000000082500000, 0x0000000082600000|  0%| F|  |TAMS 0x0000000082500000| PB 0x0000000082500000| Untracked 
|  10|0x0000000082600000, 0x0000000082600000, 0x0000000082700000|  0%| F|  |TAMS 0x0000000082600000| PB 0x0000000082600000| Untracked 
|  11|0x0000000082700000, 0x0000000082700000, 0x0000000082800000|  0%| F|  |TAMS 0x0000000082700000| PB 0x0000000082700000| Untracked 
|  12|0x0000000082800000, 0x0000000082800000, 0x0000000082900000|  0%| F|  |TAMS 0x0000000082800000| PB 0x0000000082800000| Untracked 
|  13|0x0000000082900000, 0x0000000082900000, 0x0000000082a00000|  0%| F|  |TAMS 0x0000000082900000| PB 0x0000000082900000| Untracked 
|  14|0x0000000082a00000, 0x0000000082a00000, 0x0000000082b00000|  0%| F|  |TAMS 0x0000000082a00000| PB 0x0000000082a00000| Untracked 
|  15|0x0000000082b00000, 0x0000000082b00000, 0x0000000082c00000|  0%| F|  |TAMS 0x0000000082b00000| PB 0x0000000082b00000| Untracked 
|  16|0x0000000082c00000, 0x0000000082c00000, 0x0000000082d00000|  0%| F|  |TAMS 0x0000000082c00000| PB 0x0000000082c00000| Untracked 
|  17|0x0000000082d00000, 0x0000000082d00000, 0x0000000082e00000|  0%| F|  |TAMS 0x0000000082d00000| PB 0x0000000082d00000| Untracked 
|  18|0x0000000082e00000, 0x0000000082e00000, 0x0000000082f00000|  0%| F|  |TAMS 0x0000000082e00000| PB 0x0000000082e00000| Untracked 
|  19|0x0000000082f00000, 0x0000000082f00000, 0x0000000083000000|  0%| F|  |TAMS 0x0000000082f00000| PB 0x0000000082f00000| Untracked 
|  20|0x0000000083000000, 0x0000000083000000, 0x0000000083100000|  0%| F|  |TAMS 0x0000000083000000| PB 0x0000000083000000| Untracked 
|  21|0x0000000083100000, 0x0000000083100000, 0x0000000083200000|  0%| F|  |TAMS 0x0000000083100000| PB 0x0000000083100000| Untracked 
|  22|0x0000000083200000, 0x0000000083200000, 0x0000000083300000|  0%| F|  |TAMS 0x0000000083200000| PB 0x0000000083200000| Untracked 
|  23|0x0000000083300000, 0x0000000083300000, 0x0000000083400000|  0%| F|  |TAMS 0x0000000083300000| PB 0x0000000083300000| Untracked 
|  24|0x0000000083400000, 0x0000000083400000, 0x0000000083500000|  0%| F|  |TAMS 0x0000000083400000| PB 0x0000000083400000| Untracked 
|  25|0x0000000083500000, 0x0000000083500000, 0x0000000083600000|  0%| F|  |TAMS 0x0000000083500000| PB 0x0000000083500000| Untracked 
|  26|0x0000000083600000, 0x0000000083600000, 0x0000000083700000|  0%| F|  |TAMS 0x0000000083600000| PB 0x0000000083600000| Untracked 
|  27|0x0000000083700000, 0x0000000083700000, 0x0000000083800000|  0%| F|  |TAMS 0x0000000083700000| PB 0x0000000083700000| Untracked 
|  28|0x0000000083800000, 0x0000000083800000, 0x0000000083900000|  0%| F|  |TAMS 0x0000000083800000| PB 0x0000000083800000| Untracked 
|  29|0x0000000083900000, 0x0000000083900000, 0x0000000083a00000|  0%| F|  |TAMS 0x0000000083900000| PB 0x0000000083900000| Untracked 
|  30|0x0000000083a00000, 0x0000000083a00000, 0x0000000083b00000|  0%| F|  |TAMS 0x0000000083a00000| PB 0x0000000083a00000| Untracked 
|  31|0x0000000083b00000, 0x0000000083b00000, 0x0000000083c00000|  0%| F|  |TAMS 0x0000000083b00000| PB 0x0000000083b00000| Untracked 
|  32|0x0000000083c00000, 0x0000000083c00000, 0x0000000083d00000|  0%| F|  |TAMS 0x0000000083c00000| PB 0x0000000083c00000| Untracked 
|  33|0x0000000083d00000, 0x0000000083d00000, 0x0000000083e00000|  0%| F|  |TAMS 0x0000000083d00000| PB 0x0000000083d00000| Untracked 
|  34|0x0000000083e00000, 0x0000000083e00000, 0x0000000083f00000|  0%| F|  |TAMS 0x0000000083e00000| PB 0x0000000083e00000| Untracked 
|  35|0x0000000083f00000, 0x0000000083f00000, 0x0000000084000000|  0%| F|  |TAMS 0x0000000083f00000| PB 0x0000000083f00000| Untracked 
|  36|0x0000000084000000, 0x0000000084000000, 0x0000000084100000|  0%| F|  |TAMS 0x0000000084000000| PB 0x0000000084000000| Untracked 
|  37|0x0000000084100000, 0x0000000084100000, 0x0000000084200000|  0%| F|  |TAMS 0x0000000084100000| PB 0x0000000084100000| Untracked 
|  38|0x0000000084200000, 0x0000000084200000, 0x0000000084300000|  0%| F|  |TAMS 0x0000000084200000| PB 0x0000000084200000| Untracked 
|  39|0x0000000084300000, 0x0000000084300000, 0x0000000084400000|  0%| F|  |TAMS 0x0000000084300000| PB 0x0000000084300000| Untracked 
|  40|0x0000000084400000, 0x0000000084400000, 0x0000000084500000|  0%| F|  |TAMS 0x0000000084400000| PB 0x0000000084400000| Untracked 
|  41|0x0000000084500000, 0x0000000084500000, 0x0000000084600000|  0%| F|  |TAMS 0x0000000084500000| PB 0x0000000084500000| Untracked 
|  42|0x0000000084600000, 0x0000000084600000, 0x0000000084700000|  0%| F|  |TAMS 0x0000000084600000| PB 0x0000000084600000| Untracked 
|  43|0x0000000084700000, 0x0000000084700000, 0x0000000084800000|  0%| F|  |TAMS 0x0000000084700000| PB 0x0000000084700000| Untracked 
|  44|0x0000000084800000, 0x0000000084800000, 0x0000000084900000|  0%| F|  |TAMS 0x0000000084800000| PB 0x0000000084800000| Untracked 
|  45|0x0000000084900000, 0x0000000084900000, 0x0000000084a00000|  0%| F|  |TAMS 0x0000000084900000| PB 0x0000000084900000| Untracked 
|  46|0x0000000084a00000, 0x0000000084a00000, 0x0000000084b00000|  0%| F|  |TAMS 0x0000000084a00000| PB 0x0000000084a00000| Untracked 
|  47|0x0000000084b00000, 0x0000000084b00000, 0x0000000084c00000|  0%| F|  |TAMS 0x0000000084b00000| PB 0x0000000084b00000| Untracked 
|  48|0x0000000084c00000, 0x0000000084c00000, 0x0000000084d00000|  0%| F|  |TAMS 0x0000000084c00000| PB 0x0000000084c00000| Untracked 
|  49|0x0000000084d00000, 0x0000000084d00000, 0x0000000084e00000|  0%| F|  |TAMS 0x0000000084d00000| PB 0x0000000084d00000| Untracked 
|  50|0x0000000084e00000, 0x0000000084e00000, 0x0000000084f00000|  0%| F|  |TAMS 0x0000000084e00000| PB 0x0000000084e00000| Untracked 
|  51|0x0000000084f00000, 0x0000000084f00000, 0x0000000085000000|  0%| F|  |TAMS 0x0000000084f00000| PB 0x0000000084f00000| Untracked 
|  52|0x0000000085000000, 0x0000000085000000, 0x0000000085100000|  0%| F|  |TAMS 0x0000000085000000| PB 0x0000000085000000| Untracked 
|  53|0x0000000085100000, 0x0000000085100000, 0x0000000085200000|  0%| F|  |TAMS 0x0000000085100000| PB 0x0000000085100000| Untracked 
|  54|0x0000000085200000, 0x0000000085200000, 0x0000000085300000|  0%| F|  |TAMS 0x0000000085200000| PB 0x0000000085200000| Untracked 
|  55|0x0000000085300000, 0x0000000085300000, 0x0000000085400000|  0%| F|  |TAMS 0x0000000085300000| PB 0x0000000085300000| Untracked 
|  56|0x0000000085400000, 0x0000000085400000, 0x0000000085500000|  0%| F|  |TAMS 0x0000000085400000| PB 0x0000000085400000| Untracked 
|  57|0x0000000085500000, 0x0000000085500000, 0x0000000085600000|  0%| F|  |TAMS 0x0000000085500000| PB 0x0000000085500000| Untracked 
|  58|0x0000000085600000, 0x0000000085600000, 0x0000000085700000|  0%| F|  |TAMS 0x0000000085600000| PB 0x0000000085600000| Untracked 
|  59|0x0000000085700000, 0x0000000085700000, 0x0000000085800000|  0%| F|  |TAMS 0x0000000085700000| PB 0x0000000085700000| Untracked 
|  60|0x0000000085800000, 0x0000000085800000, 0x0000000085900000|  0%| F|  |TAMS 0x0000000085800000| PB 0x0000000085800000| Untracked 
|  61|0x0000000085900000, 0x0000000085900000, 0x0000000085a00000|  0%| F|  |TAMS 0x0000000085900000| PB 0x0000000085900000| Untracked 
|  62|0x0000000085a00000, 0x0000000085a00000, 0x0000000085b00000|  0%| F|  |TAMS 0x0000000085a00000| PB 0x0000000085a00000| Untracked 
|  63|0x0000000085b00000, 0x0000000085b00000, 0x0000000085c00000|  0%| F|  |TAMS 0x0000000085b00000| PB 0x0000000085b00000| Untracked 
|  64|0x0000000085c00000, 0x0000000085c00000, 0x0000000085d00000|  0%| F|  |TAMS 0x0000000085c00000| PB 0x0000000085c00000| Untracked 
|  65|0x0000000085d00000, 0x0000000085d00000, 0x0000000085e00000|  0%| F|  |TAMS 0x0000000085d00000| PB 0x0000000085d00000| Untracked 
|  66|0x0000000085e00000, 0x0000000085e00000, 0x0000000085f00000|  0%| F|  |TAMS 0x0000000085e00000| PB 0x0000000085e00000| Untracked 
|  67|0x0000000085f00000, 0x0000000085f00000, 0x0000000086000000|  0%| F|  |TAMS 0x0000000085f00000| PB 0x0000000085f00000| Untracked 
|  68|0x0000000086000000, 0x0000000086000000, 0x0000000086100000|  0%| F|  |TAMS 0x0000000086000000| PB 0x0000000086000000| Untracked 
|  69|0x0000000086100000, 0x0000000086100000, 0x0000000086200000|  0%| F|  |TAMS 0x0000000086100000| PB 0x0000000086100000| Untracked 
|  70|0x0000000086200000, 0x0000000086200000, 0x0000000086300000|  0%| F|  |TAMS 0x0000000086200000| PB 0x0000000086200000| Untracked 
|  71|0x0000000086300000, 0x0000000086300000, 0x0000000086400000|  0%| F|  |TAMS 0x0000000086300000| PB 0x0000000086300000| Untracked 
|  72|0x0000000086400000, 0x0000000086400000, 0x0000000086500000|  0%| F|  |TAMS 0x0000000086400000| PB 0x0000000086400000| Untracked 
|  73|0x0000000086500000, 0x0000000086500000, 0x0000000086600000|  0%| F|  |TAMS 0x0000000086500000| PB 0x0000000086500000| Untracked 
|  74|0x0000000086600000, 0x0000000086600000, 0x0000000086700000|  0%| F|  |TAMS 0x0000000086600000| PB 0x0000000086600000| Untracked 
|  75|0x0000000086700000, 0x0000000086700000, 0x0000000086800000|  0%| F|  |TAMS 0x0000000086700000| PB 0x0000000086700000| Untracked 
|  76|0x0000000086800000, 0x0000000086800000, 0x0000000086900000|  0%| F|  |TAMS 0x0000000086800000| PB 0x0000000086800000| Untracked 
|  77|0x0000000086900000, 0x0000000086900000, 0x0000000086a00000|  0%| F|  |TAMS 0x0000000086900000| PB 0x0000000086900000| Untracked 
|  78|0x0000000086a00000, 0x0000000086a00000, 0x0000000086b00000|  0%| F|  |TAMS 0x0000000086a00000| PB 0x0000000086a00000| Untracked 
|  79|0x0000000086b00000, 0x0000000086b00000, 0x0000000086c00000|  0%| F|  |TAMS 0x0000000086b00000| PB 0x0000000086b00000| Untracked 
|  80|0x0000000086c00000, 0x0000000086c00000, 0x0000000086d00000|  0%| F|  |TAMS 0x0000000086c00000| PB 0x0000000086c00000| Untracked 
|  81|0x0000000086d00000, 0x0000000086d00000, 0x0000000086e00000|  0%| F|  |TAMS 0x0000000086d00000| PB 0x0000000086d00000| Untracked 
|  82|0x0000000086e00000, 0x0000000086e00000, 0x0000000086f00000|  0%| F|  |TAMS 0x0000000086e00000| PB 0x0000000086e00000| Untracked 
|  83|0x0000000086f00000, 0x0000000086f00000, 0x0000000087000000|  0%| F|  |TAMS 0x0000000086f00000| PB 0x0000000086f00000| Untracked 
|  84|0x0000000087000000, 0x0000000087000000, 0x0000000087100000|  0%| F|  |TAMS 0x0000000087000000| PB 0x0000000087000000| Untracked 
|  85|0x0000000087100000, 0x0000000087100000, 0x0000000087200000|  0%| F|  |TAMS 0x0000000087100000| PB 0x0000000087100000| Untracked 
|  86|0x0000000087200000, 0x0000000087200000, 0x0000000087300000|  0%| F|  |TAMS 0x0000000087200000| PB 0x0000000087200000| Untracked 
|  87|0x0000000087300000, 0x0000000087300000, 0x0000000087400000|  0%| F|  |TAMS 0x0000000087300000| PB 0x0000000087300000| Untracked 
|  88|0x0000000087400000, 0x0000000087400000, 0x0000000087500000|  0%| F|  |TAMS 0x0000000087400000| PB 0x0000000087400000| Untracked 
|  89|0x0000000087500000, 0x0000000087500000, 0x0000000087600000|  0%| F|  |TAMS 0x0000000087500000| PB 0x0000000087500000| Untracked 
|  90|0x0000000087600000, 0x0000000087600000, 0x0000000087700000|  0%| F|  |TAMS 0x0000000087600000| PB 0x0000000087600000| Untracked 
|  91|0x0000000087700000, 0x0000000087700000, 0x0000000087800000|  0%| F|  |TAMS 0x0000000087700000| PB 0x0000000087700000| Untracked 
|  92|0x0000000087800000, 0x0000000087800000, 0x0000000087900000|  0%| F|  |TAMS 0x0000000087800000| PB 0x0000000087800000| Untracked 
|  93|0x0000000087900000, 0x0000000087900000, 0x0000000087a00000|  0%| F|  |TAMS 0x0000000087900000| PB 0x0000000087900000| Untracked 
|  94|0x0000000087a00000, 0x0000000087a00000, 0x0000000087b00000|  0%| F|  |TAMS 0x0000000087a00000| PB 0x0000000087a00000| Untracked 
|  95|0x0000000087b00000, 0x0000000087b00000, 0x0000000087c00000|  0%| F|  |TAMS 0x0000000087b00000| PB 0x0000000087b00000| Untracked 
|  96|0x0000000087c00000, 0x0000000087c00000, 0x0000000087d00000|  0%| F|  |TAMS 0x0000000087c00000| PB 0x0000000087c00000| Untracked 
|  97|0x0000000087d00000, 0x0000000087d00000, 0x0000000087e00000|  0%| F|  |TAMS 0x0000000087d00000| PB 0x0000000087d00000| Untracked 
|  98|0x0000000087e00000, 0x0000000087e00000, 0x0000000087f00000|  0%| F|  |TAMS 0x0000000087e00000| PB 0x0000000087e00000| Untracked 
|  99|0x0000000087f00000, 0x0000000087f00000, 0x0000000088000000|  0%| F|  |TAMS 0x0000000087f00000| PB 0x0000000087f00000| Untracked 
| 100|0x0000000088000000, 0x0000000088000000, 0x0000000088100000|  0%| F|  |TAMS 0x0000000088000000| PB 0x0000000088000000| Untracked 
| 101|0x0000000088100000, 0x0000000088100000, 0x0000000088200000|  0%| F|  |TAMS 0x0000000088100000| PB 0x0000000088100000| Untracked 
| 102|0x0000000088200000, 0x0000000088200000, 0x0000000088300000|  0%| F|  |TAMS 0x0000000088200000| PB 0x0000000088200000| Untracked 
| 103|0x0000000088300000, 0x0000000088300000, 0x0000000088400000|  0%| F|  |TAMS 0x0000000088300000| PB 0x0000000088300000| Untracked 
| 104|0x0000000088400000, 0x0000000088400000, 0x0000000088500000|  0%| F|  |TAMS 0x0000000088400000| PB 0x0000000088400000| Untracked 
| 105|0x0000000088500000, 0x0000000088500000, 0x0000000088600000|  0%| F|  |TAMS 0x0000000088500000| PB 0x0000000088500000| Untracked 
| 106|0x0000000088600000, 0x0000000088600000, 0x0000000088700000|  0%| F|  |TAMS 0x0000000088600000| PB 0x0000000088600000| Untracked 
| 107|0x0000000088700000, 0x0000000088700000, 0x0000000088800000|  0%| F|  |TAMS 0x0000000088700000| PB 0x0000000088700000| Untracked 
| 108|0x0000000088800000, 0x0000000088800000, 0x0000000088900000|  0%| F|  |TAMS 0x0000000088800000| PB 0x0000000088800000| Untracked 
| 109|0x0000000088900000, 0x0000000088900000, 0x0000000088a00000|  0%| F|  |TAMS 0x0000000088900000| PB 0x0000000088900000| Untracked 
| 110|0x0000000088a00000, 0x0000000088a00000, 0x0000000088b00000|  0%| F|  |TAMS 0x0000000088a00000| PB 0x0000000088a00000| Untracked 
| 111|0x0000000088b00000, 0x0000000088b00000, 0x0000000088c00000|  0%| F|  |TAMS 0x0000000088b00000| PB 0x0000000088b00000| Untracked 
| 112|0x0000000088c00000, 0x0000000088c00000, 0x0000000088d00000|  0%| F|  |TAMS 0x0000000088c00000| PB 0x0000000088c00000| Untracked 
| 113|0x0000000088d00000, 0x0000000088d00000, 0x0000000088e00000|  0%| F|  |TAMS 0x0000000088d00000| PB 0x0000000088d00000| Untracked 
| 114|0x0000000088e00000, 0x0000000088e00000, 0x0000000088f00000|  0%| F|  |TAMS 0x0000000088e00000| PB 0x0000000088e00000| Untracked 
| 115|0x0000000088f00000, 0x0000000088f00000, 0x0000000089000000|  0%| F|  |TAMS 0x0000000088f00000| PB 0x0000000088f00000| Untracked 
| 116|0x0000000089000000, 0x0000000089049650, 0x0000000089100000| 28%| E|  |TAMS 0x0000000089000000| PB 0x0000000089000000| Complete 
| 117|0x0000000089100000, 0x0000000089200000, 0x0000000089200000|100%| E|CS|TAMS 0x0000000089100000| PB 0x0000000089100000| Complete 
| 118|0x0000000089200000, 0x0000000089300000, 0x0000000089300000|100%| E|CS|TAMS 0x0000000089200000| PB 0x0000000089200000| Complete 
| 119|0x0000000089300000, 0x0000000089400000, 0x0000000089400000|100%| E|CS|TAMS 0x0000000089300000| PB 0x0000000089300000| Complete 
| 120|0x0000000089400000, 0x0000000089500000, 0x0000000089500000|100%| E|CS|TAMS 0x0000000089400000| PB 0x0000000089400000| Complete 
| 121|0x0000000089500000, 0x0000000089600000, 0x0000000089600000|100%| E|CS|TAMS 0x0000000089500000| PB 0x0000000089500000| Complete 
| 122|0x0000000089600000, 0x0000000089700000, 0x0000000089700000|100%| E|CS|TAMS 0x0000000089600000| PB 0x0000000089600000| Complete 
| 123|0x0000000089700000, 0x0000000089800000, 0x0000000089800000|100%| E|CS|TAMS 0x0000000089700000| PB 0x0000000089700000| Complete 
| 124|0x0000000089800000, 0x0000000089900000, 0x0000000089900000|100%| E|  |TAMS 0x0000000089800000| PB 0x0000000089800000| Complete 
| 125|0x0000000089900000, 0x0000000089a00000, 0x0000000089a00000|100%| E|CS|TAMS 0x0000000089900000| PB 0x0000000089900000| Complete 
| 126|0x0000000089a00000, 0x0000000089b00000, 0x0000000089b00000|100%| E|CS|TAMS 0x0000000089a00000| PB 0x0000000089a00000| Complete 
| 127|0x0000000089b00000, 0x0000000089c00000, 0x0000000089c00000|100%| E|CS|TAMS 0x0000000089b00000| PB 0x0000000089b00000| Complete 

Card table byte_map: [0x00000278cd600000,0x00000278cda00000] _byte_map_base: 0x00000278cd1f2000

Marking Bits: (CMBitMap*) 0x00000278ba8b0620
 Bits: [0x00000278cda00000, 0x00000278cf990000)

Polling page: 0x00000278b86c0000

Metaspace:

Usage:
  Non-class:      1.46 MB used.
      Class:    173.72 KB used.
       Both:      1.63 MB used.

Virtual space:
  Non-class space:       64.00 MB reserved,       1.56 MB (  2%) committed,  1 nodes.
      Class space:        1.00 GB reserved,     256.00 KB ( <1%) committed,  1 nodes.
             Both:        1.06 GB reserved,       1.81 MB ( <1%) committed. 

Chunk freelists:
   Non-Class:  11.34 MB
       Class:  15.62 MB
        Both:  26.97 MB

MaxMetaspaceSize: unlimited
CompressedClassSpaceSize: 1.00 GB
Initial GC threshold: 21.00 MB
Current GC threshold: 21.00 MB
CDS: on
 - commit_granule_bytes: 65536.
 - commit_granule_words: 8192.
 - virtual_space_node_default_size: 8388608.
 - enlarge_chunks_in_place: 1.
 - use_allocation_guard: 0.


Internal statistics:

num_allocs_failed_limit: 0.
num_arena_births: 74.
num_arena_deaths: 0.
num_vsnodes_births: 2.
num_vsnodes_deaths: 0.
num_space_committed: 29.
num_space_uncommitted: 0.
num_chunks_returned_to_freelist: 0.
num_chunks_taken_from_freelist: 120.
num_chunk_merges: 0.
num_chunk_splits: 79.
num_chunks_enlarged: 42.
num_inconsistent_stats: 0.

CodeHeap 'non-profiled nmethods': size=120000Kb used=233Kb max_used=233Kb free=119766Kb
 bounds [0x00000278c5cd0000, 0x00000278c5f40000, 0x00000278cd200000]
CodeHeap 'profiled nmethods': size=120000Kb used=889Kb max_used=889Kb free=119110Kb
 bounds [0x00000278be200000, 0x00000278be470000, 0x00000278c5730000]
CodeHeap 'non-nmethods': size=5760Kb used=1319Kb max_used=1326Kb free=4441Kb
 bounds [0x00000278c5730000, 0x00000278c59a0000, 0x00000278c5cd0000]
CodeCache: size=245760Kb, used=2441Kb, max_used=2448Kb, free=243317Kb
 total_blobs=1064, nmethods=634, adapters=335, full_count=0
Compilation: enabled, stopped_count=0, restarted_count=0

Compilation events (20 events):
Event: 1.099 Thread 0x00000278d1e7a1c0  604       3       java.lang.Class::getName (18 bytes)
Event: 1.100 Thread 0x00000278d1e7a1c0 nmethod 604 0x00000278be2d2e90 code [0x00000278be2d3040, 0x00000278be2d31c8]
Event: 1.134 Thread 0x00000278d1e7a1c0  605       3       java.lang.invoke.DirectMethodHandle::internalMemberName (8 bytes)
Event: 1.134 Thread 0x00000278d1e7a1c0 nmethod 605 0x00000278be2d3290 code [0x00000278be2d3440, 0x00000278be2d3628]
Event: 1.146 Thread 0x00000278d1e7a1c0  606       3       java.util.ArrayDeque::inc (12 bytes)
Event: 1.146 Thread 0x00000278d1e7a1c0 nmethod 606 0x00000278be2d3710 code [0x00000278be2d38a0, 0x00000278be2d39c8]
Event: 1.183 Thread 0x0000027917178540  607       4       java.util.concurrent.ConcurrentHashMap::tabAt (22 bytes)
Event: 1.184 Thread 0x0000027917178540 nmethod 607 0x00000278c5d07c10 code [0x00000278c5d07d80, 0x00000278c5d07df0]
Event: 1.244 Thread 0x00000278d1e7a1c0  609       3       java.lang.StringLatin1::inflate (34 bytes)
Event: 1.244 Thread 0x00000278d1e7a1c0 nmethod 609 0x00000278be2d3a90 code [0x00000278be2d3c40, 0x00000278be2d3e40]
Event: 1.251 Thread 0x00000278d1e7a1c0  610       3       java.io.WinNTFileSystem::normalize (143 bytes)
Event: 1.253 Thread 0x00000278d1e7a1c0 nmethod 610 0x00000278be2d3f90 code [0x00000278be2d4220, 0x00000278be2d4c80]
Event: 1.279 Thread 0x00000278d1e7a1c0  611       1       java.io.File::getPrefixLength (5 bytes)
Event: 1.280 Thread 0x00000278d1e7a1c0 nmethod 611 0x00000278c5d08510 code [0x00000278c5d086a0, 0x00000278c5d08768]
Event: 1.302 Thread 0x00000278d1e7a1c0  612       3       java.util.RegularEnumSet::contains (57 bytes)
Event: 1.303 Thread 0x00000278d1e7a1c0 nmethod 612 0x00000278be2d5090 code [0x00000278be2d5260, 0x00000278be2d5658]
Event: 1.333 Thread 0x00000278d1e7a1c0  613       3       java.lang.StackWalker::hasOption (11 bytes)
Event: 1.333 Thread 0x00000278d1e7a1c0 nmethod 613 0x00000278be2d5790 code [0x00000278be2d5940, 0x00000278be2d5b18]
Event: 1.333 Thread 0x00000278d1e7a1c0  614       3       java.lang.StackStreamFactory$FrameBuffer::isEmpty (32 bytes)
Event: 1.333 Thread 0x00000278d1e7a1c0 nmethod 614 0x00000278be2d5c10 code [0x00000278be2d5dc0, 0x00000278be2d5f80]

GC Heap History (0 events):
No events

Dll operation events (20 events):
Event: 1.199 Loaded shared library C:\Users\ss\Desktop\Downloads\openjfx-21.0.9_windows-x64_bin-sdk\javafx-sdk-21.0.9\bin\api-ms-win-core-synch-l1-2-0.dll
Event: 1.204 Loaded shared library C:\Users\ss\Desktop\Downloads\openjfx-21.0.9_windows-x64_bin-sdk\javafx-sdk-21.0.9\bin\api-ms-win-core-sysinfo-l1-1-0.dll
Event: 1.211 Loaded shared library C:\Users\ss\Desktop\Downloads\openjfx-21.0.9_windows-x64_bin-sdk\javafx-sdk-21.0.9\bin\api-ms-win-core-timezone-l1-1-0.dll
Event: 1.217 Loaded shared library C:\Users\ss\Desktop\Downloads\openjfx-21.0.9_windows-x64_bin-sdk\javafx-sdk-21.0.9\bin\api-ms-win-core-util-l1-1-0.dll
Event: 1.222 Loaded shared library C:\Users\ss\Desktop\Downloads\openjfx-21.0.9_windows-x64_bin-sdk\javafx-sdk-21.0.9\bin\api-ms-win-crt-conio-l1-1-0.dll
Event: 1.232 Loaded shared library C:\Users\ss\Desktop\Downloads\openjfx-21.0.9_windows-x64_bin-sdk\javafx-sdk-21.0.9\bin\api-ms-win-crt-convert-l1-1-0.dll
Event: 1.240 Loaded shared library C:\Users\ss\Desktop\Downloads\openjfx-21.0.9_windows-x64_bin-sdk\javafx-sdk-21.0.9\bin\api-ms-win-crt-environment-l1-1-0.dll
Event: 1.248 Loaded shared library C:\Users\ss\Desktop\Downloads\openjfx-21.0.9_windows-x64_bin-sdk\javafx-sdk-21.0.9\bin\api-ms-win-crt-filesystem-l1-1-0.dll
Event: 1.254 Loaded shared library C:\Users\ss\Desktop\Downloads\openjfx-21.0.9_windows-x64_bin-sdk\javafx-sdk-21.0.9\bin\api-ms-win-crt-heap-l1-1-0.dll
Event: 1.261 Loaded shared library C:\Users\ss\Desktop\Downloads\openjfx-21.0.9_windows-x64_bin-sdk\javafx-sdk-21.0.9\bin\api-ms-win-crt-locale-l1-1-0.dll
Event: 1.267 Loaded shared library C:\Users\ss\Desktop\Downloads\openjfx-21.0.9_windows-x64_bin-sdk\javafx-sdk-21.0.9\bin\api-ms-win-crt-math-l1-1-0.dll
Event: 1.277 Loaded shared library C:\Users\ss\Desktop\Downloads\openjfx-21.0.9_windows-x64_bin-sdk\javafx-sdk-21.0.9\bin\api-ms-win-crt-multibyte-l1-1-0.dll
Event: 1.282 Loaded shared library C:\Users\ss\Desktop\Downloads\openjfx-21.0.9_windows-x64_bin-sdk\javafx-sdk-21.0.9\bin\api-ms-win-crt-private-l1-1-0.dll
Event: 1.288 Loaded shared library C:\Users\ss\Desktop\Downloads\openjfx-21.0.9_windows-x64_bin-sdk\javafx-sdk-21.0.9\bin\api-ms-win-crt-process-l1-1-0.dll
Event: 1.295 Loaded shared library C:\Users\ss\Desktop\Downloads\openjfx-21.0.9_windows-x64_bin-sdk\javafx-sdk-21.0.9\bin\api-ms-win-crt-runtime-l1-1-0.dll
Event: 1.301 Loaded shared library C:\Users\ss\Desktop\Downloads\openjfx-21.0.9_windows-x64_bin-sdk\javafx-sdk-21.0.9\bin\api-ms-win-crt-stdio-l1-1-0.dll
Event: 1.306 Loaded shared library C:\Users\ss\Desktop\Downloads\openjfx-21.0.9_windows-x64_bin-sdk\javafx-sdk-21.0.9\bin\api-ms-win-crt-string-l1-1-0.dll
Event: 1.315 Loaded shared library C:\Users\ss\Desktop\Downloads\openjfx-21.0.9_windows-x64_bin-sdk\javafx-sdk-21.0.9\bin\api-ms-win-crt-time-l1-1-0.dll
Event: 1.326 Loaded shared library C:\Users\ss\Desktop\Downloads\openjfx-21.0.9_windows-x64_bin-sdk\javafx-sdk-21.0.9\bin\api-ms-win-crt-utility-l1-1-0.dll
Event: 1.332 Loaded shared library C:\Users\ss\Desktop\Downloads\openjfx-21.0.9_windows-x64_bin-sdk\javafx-sdk-21.0.9\bin\ucrtbase.dll

Deoptimization events (20 events):
Event: 0.637 Thread 0x00000278b8432160 DEOPT PACKING pc=0x00000278c5ce3540 sp=0x000000ac49efe030
Event: 0.637 Thread 0x00000278b8432160 DEOPT UNPACKING pc=0x00000278c57846a2 sp=0x000000ac49efdfa8 mode 2
Event: 0.700 Thread 0x00000278b8432160 DEOPT PACKING pc=0x00000278be254037 sp=0x000000ac49efdfc0
Event: 0.700 Thread 0x00000278b8432160 DEOPT UNPACKING pc=0x00000278c5784e42 sp=0x000000ac49efd4e0 mode 0
Event: 0.764 Thread 0x00000278b8432160 Uncommon trap: trap_request=0xffffff45 fr.pc=0x00000278c5ce6968 relative=0x00000000000006c8
Event: 0.764 Thread 0x00000278b8432160 Uncommon trap: reason=unstable_if action=reinterpret pc=0x00000278c5ce6968 method=java.util.ImmutableCollections$SetN.probe(Ljava/lang/Object;)I @ 34 c2
Event: 0.765 Thread 0x00000278b8432160 DEOPT PACKING pc=0x00000278c5ce6968 sp=0x000000ac49eff060
Event: 0.765 Thread 0x00000278b8432160 DEOPT UNPACKING pc=0x00000278c57846a2 sp=0x000000ac49eff000 mode 2
Event: 0.779 Thread 0x00000278b8432160 Uncommon trap: trap_request=0xffffff45 fr.pc=0x00000278c5ce9934 relative=0x0000000000000654
Event: 0.779 Thread 0x00000278b8432160 Uncommon trap: reason=unstable_if action=reinterpret pc=0x00000278c5ce9934 method=java.lang.StringLatin1.newString([BII)Ljava/lang/String; @ 1 c2
Event: 0.779 Thread 0x00000278b8432160 DEOPT PACKING pc=0x00000278c5ce9934 sp=0x000000ac49efeeb0
Event: 0.779 Thread 0x00000278b8432160 DEOPT UNPACKING pc=0x00000278c57846a2 sp=0x000000ac49efee10 mode 2
Event: 0.779 Thread 0x00000278b8432160 Uncommon trap: trap_request=0xffffff45 fr.pc=0x00000278c5ce8d34 relative=0x00000000000004f4
Event: 0.779 Thread 0x00000278b8432160 Uncommon trap: reason=unstable_if action=reinterpret pc=0x00000278c5ce8d34 method=java.lang.StringLatin1.newString([BII)Ljava/lang/String; @ 1 c2
Event: 0.779 Thread 0x00000278b8432160 DEOPT PACKING pc=0x00000278c5ce8d34 sp=0x000000ac49efee30
Event: 0.779 Thread 0x00000278b8432160 DEOPT UNPACKING pc=0x00000278c57846a2 sp=0x000000ac49efee10 mode 2
Event: 0.797 Thread 0x00000278b8432160 Uncommon trap: trap_request=0xffffff45 fr.pc=0x00000278c5ce1464 relative=0x00000000000000c4
Event: 0.797 Thread 0x00000278b8432160 Uncommon trap: reason=unstable_if action=reinterpret pc=0x00000278c5ce1464 method=java.lang.String.isLatin1()Z @ 10 c2
Event: 0.797 Thread 0x00000278b8432160 DEOPT PACKING pc=0x00000278c5ce1464 sp=0x000000ac49eff310
Event: 0.797 Thread 0x00000278b8432160 DEOPT UNPACKING pc=0x00000278c57846a2 sp=0x000000ac49eff250 mode 2

Classes loaded (20 events):
Event: 0.980 Loading class java/lang/UnsatisfiedLinkError
Event: 0.980 Loading class java/lang/UnsatisfiedLinkError done
Event: 0.980 Loading class java/security/NoSuchAlgorithmException
Event: 0.980 Loading class java/security/GeneralSecurityException
Event: 0.980 Loading class java/security/GeneralSecurityException done
Event: 0.980 Loading class java/security/NoSuchAlgorithmException done
Event: 0.986 Loading class java/lang/StackWalker$Option
Event: 0.986 Loading class java/lang/StackWalker$Option done
Event: 0.987 Loading class java/lang/StackStreamFactory
Event: 0.987 Loading class java/lang/StackStreamFactory done
Event: 0.988 Loading class java/lang/StackStreamFactory$CallerClassFinder
Event: 0.988 Loading class java/lang/StackStreamFactory$CallerClassFinder done
Event: 0.988 Loading class java/lang/StackWalker$ExtendedOption
Event: 0.988 Loading class java/lang/StackWalker$ExtendedOption done
Event: 0.988 Loading class java/lang/StackStreamFactory$WalkerState
Event: 0.988 Loading class java/lang/StackStreamFactory$WalkerState done
Event: 0.988 Loading class java/lang/StackStreamFactory$CallerClassFinder$ClassBuffer
Event: 0.989 Loading class java/lang/StackStreamFactory$FrameBuffer
Event: 0.989 Loading class java/lang/StackStreamFactory$FrameBuffer done
Event: 0.989 Loading class java/lang/StackStreamFactory$CallerClassFinder$ClassBuffer done

Classes unloaded (0 events):
No events

Classes redefined (0 events):
No events

Internal exceptions (5 events):
Event: 0.517 Thread 0x00000278b8432160 Exception <a 'sun/nio/fs/WindowsException'{0x0000000089a7a6a0}> (0x0000000089a7a6a0) 
thrown [s\src\hotspot\share\prims\jni.cpp, line 520]
Event: 0.833 Thread 0x00000278b8432160 Exception <a 'java/lang/NoSuchMethodError'{0x00000000894bb758}: 'void java.lang.invoke.DirectMethodHandle$Holder.invokeStatic(java.lang.Object, java.lang.Object, java.lang.Object, java.lang.Object)'> (0x00000000894bb758) 
thrown [s\src\hotspot\share\interpreter\linkResolver.cpp, line 773]
Event: 0.835 Thread 0x00000278b8432160 Exception <a 'java/lang/NoSuchMethodError'{0x00000000894bf540}: 'void java.lang.invoke.DirectMethodHandle$Holder.invokeSpecial(java.lang.Object, java.lang.Object, java.lang.Object, java.lang.Object, java.lang.Object)'> (0x00000000894bf540) 
thrown [s\src\hotspot\share\interpreter\linkResolver.cpp, line 773]
Event: 0.850 Thread 0x00000278b8432160 Exception <a 'java/lang/NoSuchMethodError'{0x00000000894d6ed8}: 'java.lang.Object java.lang.invoke.Invokers$Holder.invokeExact_MT(java.lang.Object, java.lang.Object, java.lang.Object, java.lang.Object, java.lang.Object, java.lang.Object)'> (0x00000000894d6ed8) 
thrown [s\src\hotspot\share\interpreter\linkResolver.cpp, line 773]
Event: 0.853 Thread 0x00000278b8432160 Exception <a 'java/lang/NoSuchMethodError'{0x00000000894dbc00}: 'void java.lang.invoke.DirectMethodHandle$Holder.invokeStatic(java.lang.Object, java.lang.Object)'> (0x00000000894dbc00) 
thrown [s\src\hotspot\share\interpreter\linkResolver.cpp, line 773]

ZGC Phase Switch (0 events):
No events

VM Operations (4 events):
Event: 0.535 Executing VM operation: HandshakeAllThreads (Deoptimize)
Event: 0.535 Executing VM operation: HandshakeAllThreads (Deoptimize) done
Event: 0.755 Executing VM operation: HandshakeAllThreads (Deoptimize)
Event: 0.755 Executing VM operation: HandshakeAllThreads (Deoptimize) done

Memory protections (0 events):
No events

Nmethod flushes (0 events):
No events

Events (13 events):
Event: 0.294 Thread 0x00000278b8432160 Thread added: 0x00000278b8432160
Event: 0.351 Thread 0x00000278b8432160 Thread added: 0x00000278d1e655a0
Event: 0.351 Thread 0x00000278b8432160 Thread added: 0x00000278d1e66d10
Event: 0.352 Thread 0x00000278b8432160 Thread added: 0x00000278d1e6af10
Event: 0.352 Thread 0x00000278b8432160 Thread added: 0x00000278d1e6c680
Event: 0.353 Thread 0x00000278b8432160 Thread added: 0x00000278d1e6ddf0
Event: 0.353 Thread 0x00000278b8432160 Thread added: 0x00000278d1e6e970
Event: 0.353 Thread 0x00000278b8432160 Thread added: 0x00000278d1e76bb0
Event: 0.354 Thread 0x00000278b8432160 Thread added: 0x00000278d1e7a1c0
Event: 0.465 Thread 0x00000278b8432160 Thread added: 0x00000279170ad400
Event: 0.656 Thread 0x00000278d1e7a1c0 Thread added: 0x0000027917178540
Event: 0.797 Thread 0x00000278b8432160 Thread added: 0x00000279170ae7b0
Event: 1.302 Thread 0x0000027917178540 Thread exited: 0x0000027917178540


Dynamic libraries:
0x00007ff6672d0000 - 0x00007ff6672de000 	C:\Users\ss\.p2\pool\plugins\org.eclipse.justj.openjdk.hotspot.jre.full.win32.x86_64_21.0.8.v20250724-1412\jre\bin\javaw.exe
0x00007ffabe240000 - 0x00007ffabe4a3000 	C:\WINDOWS\SYSTEM32\ntdll.dll
0x00007ffabc870000 - 0x00007ffabc937000 	C:\WINDOWS\System32\KERNEL32.DLL
0x00007ffabbce0000 - 0x00007ffabc081000 	C:\WINDOWS\System32\KERNELBASE.dll
0x00007ffabbb90000 - 0x00007ffabbcdb000 	C:\WINDOWS\System32\ucrtbase.dll
0x00007ffaa4e80000 - 0x00007ffaa4e98000 	C:\Users\ss\.p2\pool\plugins\org.eclipse.justj.openjdk.hotspot.jre.full.win32.x86_64_21.0.8.v20250724-1412\jre\bin\jli.dll
0x00007ffabc090000 - 0x00007ffabc253000 	C:\WINDOWS\System32\USER32.dll
0x00007ffabb740000 - 0x00007ffabb767000 	C:\WINDOWS\System32\win32u.dll
0x00007ffabc2b0000 - 0x00007ffabc2da000 	C:\WINDOWS\System32\GDI32.dll
0x00007ffabb770000 - 0x00007ffabb891000 	C:\WINDOWS\System32\gdi32full.dll
0x00007ffabb960000 - 0x00007ffabba03000 	C:\WINDOWS\System32\msvcp_win.dll
0x00007ffaa43f0000 - 0x00007ffaa440e000 	C:\Users\ss\.p2\pool\plugins\org.eclipse.justj.openjdk.hotspot.jre.full.win32.x86_64_21.0.8.v20250724-1412\jre\bin\VCRUNTIME140.dll
0x00007ffaa63d0000 - 0x00007ffaa6660000 	C:\WINDOWS\WinSxS\amd64_microsoft.windows.common-controls_6595b64144ccf1df_6.0.26100.1591_none_3e0fac18e32dc903\COMCTL32.dll
0x00007ffabd990000 - 0x00007ffabda39000 	C:\WINDOWS\System32\msvcrt.dll
0x00007ffabc340000 - 0x00007ffabc36f000 	C:\WINDOWS\System32\IMM32.DLL
0x00007ffab8790000 - 0x00007ffab879c000 	C:\Users\ss\.p2\pool\plugins\org.eclipse.justj.openjdk.hotspot.jre.full.win32.x86_64_21.0.8.v20250724-1412\jre\bin\vcruntime140_1.dll
0x00007ffa7e7b0000 - 0x00007ffa7e83d000 	C:\Users\ss\.p2\pool\plugins\org.eclipse.justj.openjdk.hotspot.jre.full.win32.x86_64_21.0.8.v20250724-1412\jre\bin\msvcp140.dll
0x00007ffa5e0e0000 - 0x00007ffa5ee77000 	C:\Users\ss\.p2\pool\plugins\org.eclipse.justj.openjdk.hotspot.jre.full.win32.x86_64_21.0.8.v20250724-1412\jre\bin\server\jvm.dll
0x00007ffabcad0000 - 0x00007ffabcb82000 	C:\WINDOWS\System32\ADVAPI32.dll
0x00007ffabca20000 - 0x00007ffabcac7000 	C:\WINDOWS\System32\sechost.dll
0x00007ffabc400000 - 0x00007ffabc516000 	C:\WINDOWS\System32\RPCRT4.dll
0x00007ffabc380000 - 0x00007ffabc3f4000 	C:\WINDOWS\System32\WS2_32.dll
0x00007ffabb4c0000 - 0x00007ffabb50e000 	C:\WINDOWS\SYSTEM32\POWRPROF.dll
0x00007ffa99760000 - 0x00007ffa99796000 	C:\WINDOWS\SYSTEM32\WINMM.dll
0x00007ffaadcc0000 - 0x00007ffaadccb000 	C:\WINDOWS\SYSTEM32\VERSION.dll
0x00007ffabb3f0000 - 0x00007ffabb404000 	C:\WINDOWS\SYSTEM32\UMPDC.dll
0x00007ffaba480000 - 0x00007ffaba49a000 	C:\WINDOWS\SYSTEM32\kernel.appcore.dll
0x00007ffab8750000 - 0x00007ffab875a000 	C:\Users\ss\.p2\pool\plugins\org.eclipse.justj.openjdk.hotspot.jre.full.win32.x86_64_21.0.8.v20250724-1412\jre\bin\jimage.dll
0x00007ffab3540000 - 0x00007ffab3781000 	C:\WINDOWS\SYSTEM32\DBGHELP.DLL
0x00007ffabcdf0000 - 0x00007ffabd16c000 	C:\WINDOWS\System32\combase.dll
0x00007ffabcd10000 - 0x00007ffabcde6000 	C:\WINDOWS\System32\OLEAUT32.dll
0x00007ffaa1c80000 - 0x00007ffaa1cb9000 	C:\WINDOWS\SYSTEM32\dbgcore.DLL
0x00007ffabb6a0000 - 0x00007ffabb739000 	C:\WINDOWS\System32\bcryptPrimitives.dll
0x00007ffaad6a0000 - 0x00007ffaad6bf000 	C:\Users\ss\.p2\pool\plugins\org.eclipse.justj.openjdk.hotspot.jre.full.win32.x86_64_21.0.8.v20250724-1412\jre\bin\java.dll
0x00007ffabda40000 - 0x00007ffabe136000 	C:\WINDOWS\System32\SHELL32.dll
0x00007ffab9410000 - 0x00007ffab9c3a000 	C:\WINDOWS\SYSTEM32\windows.storage.dll
0x00007ffabd170000 - 0x00007ffabd243000 	C:\WINDOWS\System32\SHCORE.dll
0x00007ffabd250000 - 0x00007ffabd2ad000 	C:\WINDOWS\System32\shlwapi.dll
0x00007ffabb540000 - 0x00007ffabb569000 	C:\WINDOWS\SYSTEM32\profapi.dll
0x00007ffaab5d0000 - 0x00007ffaab5e8000 	C:\Users\ss\.p2\pool\plugins\org.eclipse.justj.openjdk.hotspot.jre.full.win32.x86_64_21.0.8.v20250724-1412\jre\bin\zip.dll
0x00007ffaa8980000 - 0x00007ffaa8990000 	C:\Users\ss\.p2\pool\plugins\org.eclipse.justj.openjdk.hotspot.jre.full.win32.x86_64_21.0.8.v20250724-1412\jre\bin\net.dll
0x00007ffab32c0000 - 0x00007ffab33e6000 	C:\WINDOWS\SYSTEM32\WINHTTP.dll
0x00007ffaba980000 - 0x00007ffaba9e8000 	C:\WINDOWS\system32\mswsock.dll
0x00007ffaa78f0000 - 0x00007ffaa7906000 	C:\Users\ss\.p2\pool\plugins\org.eclipse.justj.openjdk.hotspot.jre.full.win32.x86_64_21.0.8.v20250724-1412\jre\bin\nio.dll
0x00000278b8750000 - 0x00000278b8753000 	C:\Users\ss\Desktop\Downloads\openjfx-21.0.9_windows-x64_bin-sdk\javafx-sdk-21.0.9\bin\api-ms-win-core-console-l1-1-0.dll
0x00000278ba770000 - 0x00000278ba773000 	C:\Users\ss\Desktop\Downloads\openjfx-21.0.9_windows-x64_bin-sdk\javafx-sdk-21.0.9\bin\api-ms-win-core-console-l1-2-0.dll
0x00000278ba780000 - 0x00000278ba783000 	C:\Users\ss\Desktop\Downloads\openjfx-21.0.9_windows-x64_bin-sdk\javafx-sdk-21.0.9\bin\api-ms-win-core-datetime-l1-1-0.dll
0x00000278ba790000 - 0x00000278ba793000 	C:\Users\ss\Desktop\Downloads\openjfx-21.0.9_windows-x64_bin-sdk\javafx-sdk-21.0.9\bin\api-ms-win-core-debug-l1-1-0.dll
0x00000278ba7a0000 - 0x00000278ba7a3000 	C:\Users\ss\Desktop\Downloads\openjfx-21.0.9_windows-x64_bin-sdk\javafx-sdk-21.0.9\bin\api-ms-win-core-errorhandling-l1-1-0.dll
0x00000278ba7b0000 - 0x00000278ba7b4000 	C:\Users\ss\Desktop\Downloads\openjfx-21.0.9_windows-x64_bin-sdk\javafx-sdk-21.0.9\bin\api-ms-win-core-file-l1-1-0.dll
0x00000278ba7c0000 - 0x00000278ba7c3000 	C:\Users\ss\Desktop\Downloads\openjfx-21.0.9_windows-x64_bin-sdk\javafx-sdk-21.0.9\bin\api-ms-win-core-file-l1-2-0.dll
0x00000278ba7d0000 - 0x00000278ba7d3000 	C:\Users\ss\Desktop\Downloads\openjfx-21.0.9_windows-x64_bin-sdk\javafx-sdk-21.0.9\bin\api-ms-win-core-file-l2-1-0.dll
0x00000278ba7e0000 - 0x00000278ba7e3000 	C:\Users\ss\Desktop\Downloads\openjfx-21.0.9_windows-x64_bin-sdk\javafx-sdk-21.0.9\bin\api-ms-win-core-handle-l1-1-0.dll
0x00000278ba7f0000 - 0x00000278ba7f3000 	C:\Users\ss\Desktop\Downloads\openjfx-21.0.9_windows-x64_bin-sdk\javafx-sdk-21.0.9\bin\api-ms-win-core-heap-l1-1-0.dll
0x00000278ba800000 - 0x00000278ba803000 	C:\Users\ss\Desktop\Downloads\openjfx-21.0.9_windows-x64_bin-sdk\javafx-sdk-21.0.9\bin\api-ms-win-core-interlocked-l1-1-0.dll
0x00000278ba810000 - 0x00000278ba813000 	C:\Users\ss\Desktop\Downloads\openjfx-21.0.9_windows-x64_bin-sdk\javafx-sdk-21.0.9\bin\api-ms-win-core-libraryloader-l1-1-0.dll
0x00000278d1ec0000 - 0x00000278d1ec3000 	C:\Users\ss\Desktop\Downloads\openjfx-21.0.9_windows-x64_bin-sdk\javafx-sdk-21.0.9\bin\api-ms-win-core-localization-l1-2-0.dll
0x00000278d1ed0000 - 0x00000278d1ed3000 	C:\Users\ss\Desktop\Downloads\openjfx-21.0.9_windows-x64_bin-sdk\javafx-sdk-21.0.9\bin\api-ms-win-core-memory-l1-1-0.dll
0x00000278d1ee0000 - 0x00000278d1ee3000 	C:\Users\ss\Desktop\Downloads\openjfx-21.0.9_windows-x64_bin-sdk\javafx-sdk-21.0.9\bin\api-ms-win-core-namedpipe-l1-1-0.dll
0x00000278d1ef0000 - 0x00000278d1ef3000 	C:\Users\ss\Desktop\Downloads\openjfx-21.0.9_windows-x64_bin-sdk\javafx-sdk-21.0.9\bin\api-ms-win-core-processenvironment-l1-1-0.dll
0x00000278d1f00000 - 0x00000278d1f03000 	C:\Users\ss\Desktop\Downloads\openjfx-21.0.9_windows-x64_bin-sdk\javafx-sdk-21.0.9\bin\api-ms-win-core-processthreads-l1-1-0.dll
0x00000278d1f10000 - 0x00000278d1f13000 	C:\Users\ss\Desktop\Downloads\openjfx-21.0.9_windows-x64_bin-sdk\javafx-sdk-21.0.9\bin\api-ms-win-core-processthreads-l1-1-1.dll
0x00000278d1f20000 - 0x00000278d1f23000 	C:\Users\ss\Desktop\Downloads\openjfx-21.0.9_windows-x64_bin-sdk\javafx-sdk-21.0.9\bin\api-ms-win-core-profile-l1-1-0.dll
0x00000278d1f30000 - 0x00000278d1f33000 	C:\Users\ss\Desktop\Downloads\openjfx-21.0.9_windows-x64_bin-sdk\javafx-sdk-21.0.9\bin\api-ms-win-core-rtlsupport-l1-1-0.dll
0x00000278d1f40000 - 0x00000278d1f43000 	C:\Users\ss\Desktop\Downloads\openjfx-21.0.9_windows-x64_bin-sdk\javafx-sdk-21.0.9\bin\api-ms-win-core-string-l1-1-0.dll
0x00000278d1f50000 - 0x00000278d1f53000 	C:\Users\ss\Desktop\Downloads\openjfx-21.0.9_windows-x64_bin-sdk\javafx-sdk-21.0.9\bin\api-ms-win-core-synch-l1-1-0.dll
0x00000278d1f60000 - 0x00000278d1f63000 	C:\Users\ss\Desktop\Downloads\openjfx-21.0.9_windows-x64_bin-sdk\javafx-sdk-21.0.9\bin\api-ms-win-core-synch-l1-2-0.dll
0x00000278d1f70000 - 0x00000278d1f73000 	C:\Users\ss\Desktop\Downloads\openjfx-21.0.9_windows-x64_bin-sdk\javafx-sdk-21.0.9\bin\api-ms-win-core-sysinfo-l1-1-0.dll
0x00000278d1f80000 - 0x00000278d1f83000 	C:\Users\ss\Desktop\Downloads\openjfx-21.0.9_windows-x64_bin-sdk\javafx-sdk-21.0.9\bin\api-ms-win-core-timezone-l1-1-0.dll
0x00000278d1f90000 - 0x00000278d1f93000 	C:\Users\ss\Desktop\Downloads\openjfx-21.0.9_windows-x64_bin-sdk\javafx-sdk-21.0.9\bin\api-ms-win-core-util-l1-1-0.dll
0x00000278d1fa0000 - 0x00000278d1fa3000 	C:\Users\ss\Desktop\Downloads\openjfx-21.0.9_windows-x64_bin-sdk\javafx-sdk-21.0.9\bin\api-ms-win-crt-conio-l1-1-0.dll
0x00000278d1fb0000 - 0x00000278d1fb4000 	C:\Users\ss\Desktop\Downloads\openjfx-21.0.9_windows-x64_bin-sdk\javafx-sdk-21.0.9\bin\api-ms-win-crt-convert-l1-1-0.dll
0x00000278d1fc0000 - 0x00000278d1fc3000 	C:\Users\ss\Desktop\Downloads\openjfx-21.0.9_windows-x64_bin-sdk\javafx-sdk-21.0.9\bin\api-ms-win-crt-environment-l1-1-0.dll
0x00000278d1fd0000 - 0x00000278d1fd3000 	C:\Users\ss\Desktop\Downloads\openjfx-21.0.9_windows-x64_bin-sdk\javafx-sdk-21.0.9\bin\api-ms-win-crt-filesystem-l1-1-0.dll
0x00000278d1fe0000 - 0x00000278d1fe3000 	C:\Users\ss\Desktop\Downloads\openjfx-21.0.9_windows-x64_bin-sdk\javafx-sdk-21.0.9\bin\api-ms-win-crt-heap-l1-1-0.dll
0x00000278d1ff0000 - 0x00000278d1ff3000 	C:\Users\ss\Desktop\Downloads\openjfx-21.0.9_windows-x64_bin-sdk\javafx-sdk-21.0.9\bin\api-ms-win-crt-locale-l1-1-0.dll
0x0000027918bd0000 - 0x0000027918bd5000 	C:\Users\ss\Desktop\Downloads\openjfx-21.0.9_windows-x64_bin-sdk\javafx-sdk-21.0.9\bin\api-ms-win-crt-math-l1-1-0.dll
0x0000027918be0000 - 0x0000027918be5000 	C:\Users\ss\Desktop\Downloads\openjfx-21.0.9_windows-x64_bin-sdk\javafx-sdk-21.0.9\bin\api-ms-win-crt-multibyte-l1-1-0.dll
0x0000027918bf0000 - 0x0000027918c00000 	C:\Users\ss\Desktop\Downloads\openjfx-21.0.9_windows-x64_bin-sdk\javafx-sdk-21.0.9\bin\api-ms-win-crt-private-l1-1-0.dll
0x0000027918c00000 - 0x0000027918c03000 	C:\Users\ss\Desktop\Downloads\openjfx-21.0.9_windows-x64_bin-sdk\javafx-sdk-21.0.9\bin\api-ms-win-crt-process-l1-1-0.dll
0x0000027918c10000 - 0x0000027918c14000 	C:\Users\ss\Desktop\Downloads\openjfx-21.0.9_windows-x64_bin-sdk\javafx-sdk-21.0.9\bin\api-ms-win-crt-runtime-l1-1-0.dll
0x0000027918c20000 - 0x0000027918c24000 	C:\Users\ss\Desktop\Downloads\openjfx-21.0.9_windows-x64_bin-sdk\javafx-sdk-21.0.9\bin\api-ms-win-crt-stdio-l1-1-0.dll
0x0000027918c30000 - 0x0000027918c34000 	C:\Users\ss\Desktop\Downloads\openjfx-21.0.9_windows-x64_bin-sdk\javafx-sdk-21.0.9\bin\api-ms-win-crt-string-l1-1-0.dll
0x0000027918c40000 - 0x0000027918c43000 	C:\Users\ss\Desktop\Downloads\openjfx-21.0.9_windows-x64_bin-sdk\javafx-sdk-21.0.9\bin\api-ms-win-crt-time-l1-1-0.dll
0x0000027918c50000 - 0x0000027918c53000 	C:\Users\ss\Desktop\Downloads\openjfx-21.0.9_windows-x64_bin-sdk\javafx-sdk-21.0.9\bin\api-ms-win-crt-utility-l1-1-0.dll
0x00007ffa7b580000 - 0x00007ffa7b67c000 	C:\Users\ss\Desktop\Downloads\openjfx-21.0.9_windows-x64_bin-sdk\javafx-sdk-21.0.9\bin\ucrtbase.dll
0x00007ffa9ac90000 - 0x00007ffa9acab000 	C:\Users\ss\Desktop\Downloads\openjfx-21.0.9_windows-x64_bin-sdk\javafx-sdk-21.0.9\bin\vcruntime140.dll
0x00007ffaa7880000 - 0x00007ffaa788c000 	C:\Users\ss\Desktop\Downloads\openjfx-21.0.9_windows-x64_bin-sdk\javafx-sdk-21.0.9\bin\vcruntime140_1.dll
0x00007ffa7ad10000 - 0x00007ffa7ad9e000 	C:\Users\ss\Desktop\Downloads\openjfx-21.0.9_windows-x64_bin-sdk\javafx-sdk-21.0.9\bin\msvcp140.dll
0x00007ffaa7750000 - 0x00007ffaa7759000 	C:\Users\ss\Desktop\Downloads\openjfx-21.0.9_windows-x64_bin-sdk\javafx-sdk-21.0.9\bin\msvcp140_1.dll
0x00007ffa7b530000 - 0x00007ffa7b571000 	C:\Users\ss\Desktop\Downloads\openjfx-21.0.9_windows-x64_bin-sdk\javafx-sdk-21.0.9\bin\msvcp140_2.dll

JVMTI agents: none

dbghelp: loaded successfully - version: 4.0.5 - missing functions: none
symbol engine: initialized successfully - sym options: 0x614 - pdb path: .;C:\Users\ss\.p2\pool\plugins\org.eclipse.justj.openjdk.hotspot.jre.full.win32.x86_64_21.0.8.v20250724-1412\jre\bin;C:\WINDOWS\SYSTEM32;C:\WINDOWS\WinSxS\amd64_microsoft.windows.common-controls_6595b64144ccf1df_6.0.26100.1591_none_3e0fac18e32dc903;C:\Users\ss\.p2\pool\plugins\org.eclipse.justj.openjdk.hotspot.jre.full.win32.x86_64_21.0.8.v20250724-1412\jre\bin\server;C:\Users\ss\Desktop\Downloads\openjfx-21.0.9_windows-x64_bin-sdk\javafx-sdk-21.0.9\bin

VM Arguments:
jvm_args: --module-path=C:\Users\ss\Desktop\Downloads\openjfx-21.0.9_windows-x64_bin-sdk\javafx-sdk-21.0.9\lib --add-modules=javafx.controls,javafx.fxml -Dfile.encoding=UTF-8 -Dstdout.encoding=UTF-8 -Dstderr.encoding=UTF-8 -XX:+ShowCodeDetailsInExceptionMessages 
java_command: de.frauas.group6.traffic.simulator.view.ControlPanelTest
java_class_path (initial): C:\Users\ss\Documents\Workspace\simulatorgroup6\target\classes;C:\Users\ss\Documents\Workspace\simulatorgroup6\lib\traaS.jar;C:\Users\ss\.m2\repository\org\openjfx\javafx-controls\17.0.2\javafx-controls-17.0.2.jar;C:\Users\ss\.m2\repository\org\openjfx\javafx-controls\17.0.2\javafx-controls-17.0.2-win.jar;C:\Users\ss\.m2\repository\org\openjfx\javafx-fxml\17.0.2\javafx-fxml-17.0.2.jar;C:\Users\ss\.m2\repository\org\openjfx\javafx-fxml\17.0.2\javafx-fxml-17.0.2-win.jar;C:\Users\ss\.m2\repository\org\openjfx\javafx-graphics\17.0.2\javafx-graphics-17.0.2.jar;C:\Users\ss\.m2\repository\org\openjfx\javafx-graphics\17.0.2\javafx-graphics-17.0.2-win.jar;C:\Users\ss\.m2\repository\org\openjfx\javafx-base\17.0.2\javafx-base-17.0.2.jar;C:\Users\ss\.m2\repository\org\openjfx\javafx-base\17.0.2\javafx-base-17.0.2-win.jar
Launcher Type: SUN_STANDARD

[Global flags]
     intx CICompilerCount                          = 3                                         {product} {ergonomic}
     uint ConcGCThreads                            = 1                                         {product} {ergonomic}
     uint G1ConcRefinementThreads                  = 4                                         {product} {ergonomic}
   size_t G1HeapRegionSize                         = 1048576                                   {product} {ergonomic}
    uintx GCDrainStackTargetSize                   = 64                                        {product} {ergonomic}
   size_t InitialHeapSize                          = 134217728                                 {product} {ergonomic}
   size_t MarkStackSize                            = 4194304                                   {product} {ergonomic}
   size_t MaxHeapSize                              = 2118123520                                {product} {ergonomic}
   size_t MaxNewSize                               = 1270874112                                {product} {ergonomic}
   size_t MinHeapDeltaBytes                        = 1048576                                   {product} {ergonomic}
   size_t MinHeapSize                              = 8388608                                   {product} {ergonomic}
    uintx NonNMethodCodeHeapSize                   = 5832780                                {pd product} {ergonomic}
    uintx NonProfiledCodeHeapSize                  = 122912730                              {pd product} {ergonomic}
    uintx ProfiledCodeHeapSize                     = 122912730                              {pd product} {ergonomic}
    uintx ReservedCodeCacheSize                    = 251658240                              {pd product} {ergonomic}
     bool SegmentedCodeCache                       = true                                      {product} {ergonomic}
     bool ShowCodeDetailsInExceptionMessages       = true                                   {manageable} {command line}
   size_t SoftMaxHeapSize                          = 2118123520                             {manageable} {ergonomic}
     bool UseCompressedOops                        = true                           {product lp64_product} {ergonomic}
     bool UseG1GC                                  = true                                      {product} {ergonomic}
     bool UseLargePagesIndividualAllocation        = false                                  {pd product} {ergonomic}

Logging:
Log output configuration:
 #0: stdout all=warning uptime,level,tags foldmultilines=false
 #1: stderr all=off uptime,level,tags foldmultilines=false

Environment Variables:
CLASSPATH=.;C:\Program Files (x86)\QuickTime\QTSystem\QTJava.zip
PATH=C:/Users/ss/.p2/pool/plugins/org.eclipse.justj.openjdk.hotspot.jre.full.win32.x86_64_21.0.8.v20250724-1412/jre/bin/server;C:/Users/ss/.p2/pool/plugins/org.eclipse.justj.openjdk.hotspot.jre.full.win32.x86_64_21.0.8.v20250724-1412/jre/bin;C:\Program Files (x86)\Common Files\Oracle\Java\java8path;C:\Program Files (x86)\Common Files\Oracle\Java\javapath;C:\ProgramData\Oracle\Java\javapath;C:\WINDOWS\system32;C:\WINDOWS;C:\WINDOWS\System32\Wbem;C:\WINDOWS\System32\WindowsPowerShell\v1.0\;C:\Program Files (x86)\QuickTime\QTSystem\;C:\WINDOWS\System32\OpenSSH\;C:\Program Files (x86)\dotnet\;C:\Program Files\Git\cmd;C:\Program Files (x86)\Eclipse\Sumo\bin\;C:\Program Files (x86)\Eclipse\Sumo\tools\;C:\Program Files\MySQL\MySQL Shell 8.0\bin\;C:\Users\ss\AppData\Local\Programs\Python\Python313\Scripts\;C:\Users\ss\AppData\Local\Programs\Python\Python313\;C:\Users\ss\AppData\Local\Microsoft\WindowsApps;C:\Users\ss\AppData\Local\Python\bin;C:\WINDOWS\System32;
USERNAME=ABDELILAH TAMLAKOUTA
OS=Windows_NT
PROCESSOR_IDENTIFIER=Intel64 Family 6 Model 78 Stepping 3, GenuineIntel
TMP=C:\Users\ss\AppData\Local\Temp
TEMP=C:\Users\ss\AppData\Local\Temp




Periodic native trim disabled

---------------  S Y S T E M  ---------------

OS:
 Windows 11 , 64 bit Build 26100 (10.0.26100.1591)
OS uptime: 36 days 17:45 hours

CPU: total 4 (initial active 4) (2 cores per cpu, 2 threads per core) family 6 model 78 stepping 3 microcode 0xd6, cx8, cmov, fxsr, ht, mmx, 3dnowpref, sse, sse2, sse3, ssse3, sse4.1, sse4.2, popcnt, lzcnt, tsc, tscinvbit, avx, avx2, aes, erms, clmul, bmi1, bmi2, rtm, adx, fma, vzeroupper, clflush, clflushopt, rdtscp, f16c
Processor Information for processor 0
  Max Mhz: 2496, Current Mhz: 2396, Mhz Limit: 2396
Processor Information for processor 1
  Max Mhz: 2496, Current Mhz: 1497, Mhz Limit: 2396
Processor Information for processor 2
  Max Mhz: 2496, Current Mhz: 2396, Mhz Limit: 2396
Processor Information for processor 3
  Max Mhz: 2496, Current Mhz: 2396, Mhz Limit: 2396

Memory: 4k page, system-wide physical 8072M (500M free)
TotalPageFile size 22001M (AvailPageFile size 4M)
current process WorkingSet (physical memory assigned to process): 70M, peak: 70M
current process commit charge ("private bytes"): 223M, peak: 224M

vm_info: OpenJDK 64-Bit Server VM (21.0.8+9-LTS) for windows-amd64 JRE (21.0.8+9-LTS), built on 2025-07-15T00:00:00Z by "admin" with MS VC++ 17.7 (VS2022)

END.
